<?xml version="1.0" encoding="UTF-8"?>
<!-- Generated by org.testng.reporters.JUnitReportReporter -->
<testsuite hostname="DESKTOP-7B89BNQ" failures="0" tests="1" name="testng.LoginTest" time="10.892" errors="0" timestamp="2021-11-27T13:18:33 SGT" skipped="0">
  <testcase classname="testng.LoginTest" name="test1" time="10.892"/>
  <system-out/>
</testsuite> <!-- testng.LoginTest -->
